{"meta": {"format": 3, "version": "7.8.0", "timestamp": "2025-04-27T19:46:12.787516", "branch_coverage": false, "show_contexts": false}, "files": {"wilma/__init__.py": {"executed_lines": [1, 3, 4, 5, 6, 8, 9, 11, 13, 24, 61], "summary": {"covered_lines": 10, "num_statements": 26, "percent_covered": 38.46153846153846, "percent_covered_display": "38", "missing_lines": 16, "excluded_lines": 0}, "missing_lines": [34, 36, 37, 38, 41, 43, 44, 46, 47, 48, 53, 54, 55, 56, 57, 65], "excluded_lines": [], "functions": {"install_playwright_deps": {"executed_lines": [], "summary": {"covered_lines": 0, "num_statements": 15, "percent_covered": 0.0, "percent_covered_display": "0", "missing_lines": 15, "excluded_lines": 0}, "missing_lines": [34, 36, 37, 38, 41, 43, 44, 46, 47, 48, 53, 54, 55, 56, 57], "excluded_lines": []}, "": {"executed_lines": [1, 3, 4, 5, 6, 8, 9, 11, 13, 24, 61], "summary": {"covered_lines": 10, "num_statements": 11, "percent_covered": 90.9090909090909, "percent_covered_display": "91", "missing_lines": 1, "excluded_lines": 0}, "missing_lines": [65], "excluded_lines": []}}, "classes": {"": {"executed_lines": [1, 3, 4, 5, 6, 8, 9, 11, 13, 24, 61], "summary": {"covered_lines": 10, "num_statements": 26, "percent_covered": 38.46153846153846, "percent_covered_display": "38", "missing_lines": 16, "excluded_lines": 0}, "missing_lines": [34, 36, 37, 38, 41, 43, 44, 46, 47, 48, 53, 54, 55, 56, 57, 65], "excluded_lines": []}}}, "wilma/client.py": {"executed_lines": [1, 3, 4, 5, 6, 7, 9, 10, 11, 13, 16, 17, 21, 24, 25, 28, 29, 32, 33, 35, 43, 44, 45, 46, 47, 48, 49, 51, 52, 54, 56, 57, 58, 59, 61, 63, 64, 65, 67, 71, 74, 76, 80, 82, 83, 86, 87, 90, 91, 94, 95, 98, 104, 107, 110, 111, 112, 114, 116, 117, 120, 123, 124, 126, 188, 208, 209, 212, 213, 214, 217, 220, 221, 224, 225, 227, 230, 233, 235, 237, 240, 242, 260, 262, 263, 264, 268, 271, 272, 273, 276, 280, 283, 286, 309, 311], "summary": {"covered_lines": 92, "num_statements": 169, "percent_covered": 54.437869822485204, "percent_covered_display": "54", "missing_lines": 77, "excluded_lines": 0}, "missing_lines": [18, 19, 68, 69, 72, 77, 78, 88, 92, 108, 118, 121, 128, 130, 131, 132, 134, 135, 137, 138, 139, 142, 143, 144, 151, 153, 155, 156, 157, 158, 159, 161, 164, 165, 168, 169, 170, 171, 172, 173, 174, 175, 176, 177, 178, 179, 180, 182, 184, 186, 228, 231, 238, 269, 277, 281, 287, 288, 289, 293, 297, 298, 299, 301, 303, 304, 305, 306, 307, 314, 316, 317, 319, 321, 322, 323, 325], "excluded_lines": [], "functions": {"WilmaClient.__init__": {"executed_lines": [43, 44, 45, 46, 47, 48, 49, 51, 52], "summary": {"covered_lines": 9, "num_statements": 9, "percent_covered": 100.0, "percent_covered_display": "100", "missing_lines": 0, "excluded_lines": 0}, "missing_lines": [], "excluded_lines": []}, "WilmaClient._ensure_session": {"executed_lines": [56, 57, 58, 59], "summary": {"covered_lines": 4, "num_statements": 4, "percent_covered": 100.0, "percent_covered_display": "100", "missing_lines": 0, "excluded_lines": 0}, "missing_lines": [], "excluded_lines": []}, "WilmaClient.close": {"executed_lines": [63, 64, 65], "summary": {"covered_lines": 3, "num_statements": 3, "percent_covered": 100.0, "percent_covered_display": "100", "missing_lines": 0, "excluded_lines": 0}, "missing_lines": [], "excluded_lines": []}, "WilmaClient.__aenter__": {"executed_lines": [], "summary": {"covered_lines": 0, "num_statements": 2, "percent_covered": 0.0, "percent_covered_display": "0", "missing_lines": 2, "excluded_lines": 0}, "missing_lines": [68, 69], "excluded_lines": []}, "WilmaClient.__aexit__": {"executed_lines": [], "summary": {"covered_lines": 0, "num_statements": 1, "percent_covered": 0.0, "percent_covered_display": "0", "missing_lines": 1, "excluded_lines": 0}, "missing_lines": [72], "excluded_lines": []}, "WilmaClient._check_auth": {"executed_lines": [76], "summary": {"covered_lines": 1, "num_statements": 3, "percent_covered": 33.333333333333336, "percent_covered_display": "33", "missing_lines": 2, "excluded_lines": 0}, "missing_lines": [77, 78], "excluded_lines": []}, "WilmaClient.login": {"executed_lines": [82, 83, 86, 87, 90, 91, 94, 95, 98, 104, 107, 110, 111, 112, 114, 116, 117, 120, 123, 124], "summary": {"covered_lines": 20, "num_statements": 25, "percent_covered": 80.0, "percent_covered_display": "80", "missing_lines": 5, "excluded_lines": 0}, "missing_lines": [88, 92, 108, 118, 121], "excluded_lines": []}, "WilmaClient._get_unread_message_ids": {"executed_lines": [], "summary": {"covered_lines": 0, "num_statements": 38, "percent_covered": 0.0, "percent_covered_display": "0", "missing_lines": 38, "excluded_lines": 0}, "missing_lines": [128, 130, 131, 132, 134, 135, 137, 138, 139, 142, 143, 144, 151, 153, 155, 156, 157, 158, 159, 161, 164, 165, 168, 169, 170, 171, 172, 173, 174, 175, 176, 177, 178, 179, 180, 182, 184, 186], "excluded_lines": []}, "WilmaClient._authenticated_request": {"executed_lines": [208, 209, 212, 213, 214, 217, 220, 221, 224, 225, 227, 230, 233, 235, 237, 240], "summary": {"covered_lines": 16, "num_statements": 19, "percent_covered": 84.21052631578948, "percent_covered_display": "84", "missing_lines": 3, "excluded_lines": 0}, "missing_lines": [228, 231, 238], "excluded_lines": []}, "WilmaClient.get_messages": {"executed_lines": [260, 262, 263, 264, 268, 271, 272, 273, 276, 280, 283, 286, 309], "summary": {"covered_lines": 13, "num_statements": 29, "percent_covered": 44.827586206896555, "percent_covered_display": "45", "missing_lines": 16, "excluded_lines": 0}, "missing_lines": [269, 277, 281, 287, 288, 289, 293, 297, 298, 299, 301, 303, 304, 305, 306, 307], "excluded_lines": []}, "WilmaClient.get_message_content": {"executed_lines": [], "summary": {"covered_lines": 0, "num_statements": 8, "percent_covered": 0.0, "percent_covered_display": "0", "missing_lines": 8, "excluded_lines": 0}, "missing_lines": [314, 316, 317, 319, 321, 322, 323, 325], "excluded_lines": []}, "": {"executed_lines": [1, 3, 4, 5, 6, 7, 9, 10, 11, 13, 16, 17, 21, 24, 25, 28, 29, 32, 33, 35, 54, 61, 67, 71, 74, 80, 126, 188, 242, 311], "summary": {"covered_lines": 26, "num_statements": 28, "percent_covered": 92.85714285714286, "percent_covered_display": "93", "missing_lines": 2, "excluded_lines": 0}, "missing_lines": [18, 19], "excluded_lines": []}}, "classes": {"WilmaError": {"executed_lines": [], "summary": {"covered_lines": 0, "num_statements": 0, "percent_covered": 100.0, "percent_covered_display": "100", "missing_lines": 0, "excluded_lines": 0}, "missing_lines": [], "excluded_lines": []}, "AuthenticationError": {"executed_lines": [], "summary": {"covered_lines": 0, "num_statements": 0, "percent_covered": 100.0, "percent_covered_display": "100", "missing_lines": 0, "excluded_lines": 0}, "missing_lines": [], "excluded_lines": []}, "WilmaClient": {"executed_lines": [43, 44, 45, 46, 47, 48, 49, 51, 52, 56, 57, 58, 59, 63, 64, 65, 76, 82, 83, 86, 87, 90, 91, 94, 95, 98, 104, 107, 110, 111, 112, 114, 116, 117, 120, 123, 124, 208, 209, 212, 213, 214, 217, 220, 221, 224, 225, 227, 230, 233, 235, 237, 240, 260, 262, 263, 264, 268, 271, 272, 273, 276, 280, 283, 286, 309], "summary": {"covered_lines": 66, "num_statements": 141, "percent_covered": 46.808510638297875, "percent_covered_display": "47", "missing_lines": 75, "excluded_lines": 0}, "missing_lines": [68, 69, 72, 77, 78, 88, 92, 108, 118, 121, 128, 130, 131, 132, 134, 135, 137, 138, 139, 142, 143, 144, 151, 153, 155, 156, 157, 158, 159, 161, 164, 165, 168, 169, 170, 171, 172, 173, 174, 175, 176, 177, 178, 179, 180, 182, 184, 186, 228, 231, 238, 269, 277, 281, 287, 288, 289, 293, 297, 298, 299, 301, 303, 304, 305, 306, 307, 314, 316, 317, 319, 321, 322, 323, 325], "excluded_lines": []}, "": {"executed_lines": [1, 3, 4, 5, 6, 7, 9, 10, 11, 13, 16, 17, 21, 24, 25, 28, 29, 32, 33, 35, 54, 61, 67, 71, 74, 80, 126, 188, 242, 311], "summary": {"covered_lines": 26, "num_statements": 28, "percent_covered": 92.85714285714286, "percent_covered_display": "93", "missing_lines": 2, "excluded_lines": 0}, "missing_lines": [18, 19], "excluded_lines": []}}}, "wilma/models/__init__.py": {"executed_lines": [1, 3, 5], "summary": {"covered_lines": 2, "num_statements": 2, "percent_covered": 100.0, "percent_covered_display": "100", "missing_lines": 0, "excluded_lines": 0}, "missing_lines": [], "excluded_lines": [], "functions": {"": {"executed_lines": [1, 3, 5], "summary": {"covered_lines": 2, "num_statements": 2, "percent_covered": 100.0, "percent_covered_display": "100", "missing_lines": 0, "excluded_lines": 0}, "missing_lines": [], "excluded_lines": []}}, "classes": {"": {"executed_lines": [1, 3, 5], "summary": {"covered_lines": 2, "num_statements": 2, "percent_covered": 100.0, "percent_covered_display": "100", "missing_lines": 0, "excluded_lines": 0}, "missing_lines": [], "excluded_lines": []}}}, "wilma/models/messages.py": {"executed_lines": [1, 3, 4, 5, 7, 8, 10, 13, 14, 15, 17, 18, 20, 21, 24, 25, 26, 28, 29, 30, 31, 32, 33, 34, 35, 36, 37, 38, 39, 40, 42, 43, 59, 61, 63, 64, 66, 68, 71, 72, 73, 75], "summary": {"covered_lines": 38, "num_statements": 39, "percent_covered": 97.43589743589743, "percent_covered_display": "97", "missing_lines": 1, "excluded_lines": 0}, "missing_lines": [67], "excluded_lines": [], "functions": {"Message.format_timestamp": {"executed_lines": [61], "summary": {"covered_lines": 1, "num_statements": 1, "percent_covered": 100.0, "percent_covered_display": "100", "missing_lines": 0, "excluded_lines": 0}, "missing_lines": [], "excluded_lines": []}, "Message.content_markdown": {"executed_lines": [66, 68], "summary": {"covered_lines": 2, "num_statements": 3, "percent_covered": 66.66666666666667, "percent_covered_display": "67", "missing_lines": 1, "excluded_lines": 0}, "missing_lines": [67], "excluded_lines": []}, "": {"executed_lines": [1, 3, 4, 5, 7, 8, 10, 13, 14, 15, 17, 18, 20, 21, 24, 25, 26, 28, 29, 30, 31, 32, 33, 34, 35, 36, 37, 38, 39, 40, 42, 43, 59, 63, 64, 71, 72, 73, 75], "summary": {"covered_lines": 35, "num_statements": 35, "percent_covered": 100.0, "percent_covered_display": "100", "missing_lines": 0, "excluded_lines": 0}, "missing_lines": [], "excluded_lines": []}}, "classes": {"Sender": {"executed_lines": [], "summary": {"covered_lines": 0, "num_statements": 0, "percent_covered": 100.0, "percent_covered_display": "100", "missing_lines": 0, "excluded_lines": 0}, "missing_lines": [], "excluded_lines": []}, "Sender.Config": {"executed_lines": [], "summary": {"covered_lines": 0, "num_statements": 0, "percent_covered": 100.0, "percent_covered_display": "100", "missing_lines": 0, "excluded_lines": 0}, "missing_lines": [], "excluded_lines": []}, "Message": {"executed_lines": [61, 66, 68], "summary": {"covered_lines": 3, "num_statements": 4, "percent_covered": 75.0, "percent_covered_display": "75", "missing_lines": 1, "excluded_lines": 0}, "missing_lines": [67], "excluded_lines": []}, "Message.Config": {"executed_lines": [], "summary": {"covered_lines": 0, "num_statements": 0, "percent_covered": 100.0, "percent_covered_display": "100", "missing_lines": 0, "excluded_lines": 0}, "missing_lines": [], "excluded_lines": []}, "MessagesList": {"executed_lines": [], "summary": {"covered_lines": 0, "num_statements": 0, "percent_covered": 100.0, "percent_covered_display": "100", "missing_lines": 0, "excluded_lines": 0}, "missing_lines": [], "excluded_lines": []}, "": {"executed_lines": [1, 3, 4, 5, 7, 8, 10, 13, 14, 15, 17, 18, 20, 21, 24, 25, 26, 28, 29, 30, 31, 32, 33, 34, 35, 36, 37, 38, 39, 40, 42, 43, 59, 63, 64, 71, 72, 73, 75], "summary": {"covered_lines": 35, "num_statements": 35, "percent_covered": 100.0, "percent_covered_display": "100", "missing_lines": 0, "excluded_lines": 0}, "missing_lines": [], "excluded_lines": []}}}, "wilma/tests/__init__.py": {"executed_lines": [1], "summary": {"covered_lines": 0, "num_statements": 0, "percent_covered": 100.0, "percent_covered_display": "100", "missing_lines": 0, "excluded_lines": 0}, "missing_lines": [], "excluded_lines": [], "functions": {"": {"executed_lines": [1], "summary": {"covered_lines": 0, "num_statements": 0, "percent_covered": 100.0, "percent_covered_display": "100", "missing_lines": 0, "excluded_lines": 0}, "missing_lines": [], "excluded_lines": []}}, "classes": {"": {"executed_lines": [1], "summary": {"covered_lines": 0, "num_statements": 0, "percent_covered": 100.0, "percent_covered_display": "100", "missing_lines": 0, "excluded_lines": 0}, "missing_lines": [], "excluded_lines": []}}}, "wilma/tests/conftest.py": {"executed_lines": [1, 3, 4, 6, 9, 11, 14, 15, 17, 18, 19], "summary": {"covered_lines": 10, "num_statements": 10, "percent_covered": 100.0, "percent_covered_display": "100", "missing_lines": 0, "excluded_lines": 0}, "missing_lines": [], "excluded_lines": [], "functions": {"pytest_configure": {"executed_lines": [11], "summary": {"covered_lines": 1, "num_statements": 1, "percent_covered": 100.0, "percent_covered_display": "100", "missing_lines": 0, "excluded_lines": 0}, "missing_lines": [], "excluded_lines": []}, "disable_logging": {"executed_lines": [17, 18, 19], "summary": {"covered_lines": 3, "num_statements": 3, "percent_covered": 100.0, "percent_covered_display": "100", "missing_lines": 0, "excluded_lines": 0}, "missing_lines": [], "excluded_lines": []}, "": {"executed_lines": [1, 3, 4, 6, 9, 14, 15], "summary": {"covered_lines": 6, "num_statements": 6, "percent_covered": 100.0, "percent_covered_display": "100", "missing_lines": 0, "excluded_lines": 0}, "missing_lines": [], "excluded_lines": []}}, "classes": {"": {"executed_lines": [1, 3, 4, 6, 9, 11, 14, 15, 17, 18, 19], "summary": {"covered_lines": 10, "num_statements": 10, "percent_covered": 100.0, "percent_covered_display": "100", "missing_lines": 0, "excluded_lines": 0}, "missing_lines": [], "excluded_lines": []}}}, "wilma/tests/test_client.py": {"executed_lines": [1, 3, 4, 6, 7, 9, 10, 13, 14, 17, 18, 19, 20, 21, 22, 25, 26, 27, 30, 31, 34, 35, 36, 37, 40, 41, 44, 47, 48, 65, 66, 68, 102, 103, 125, 126, 127, 130, 133, 134, 137, 138, 139, 140, 143, 144, 147, 148, 149, 150, 151, 154, 155, 156, 157, 159, 160, 161, 164, 167, 168, 171, 172, 179, 180, 182, 185, 188, 189, 191, 192, 194, 195, 199, 202, 203, 206, 207, 210, 211, 214, 215, 216, 217, 223, 224, 225, 228, 231, 232, 233, 236, 240, 241, 244, 245, 248, 251, 256, 257, 258, 259, 260, 261, 262, 263], "summary": {"covered_lines": 105, "num_statements": 113, "percent_covered": 92.92035398230088, "percent_covered_display": "93", "missing_lines": 8, "excluded_lines": 0}, "missing_lines": [50, 51, 53, 54, 56, 57, 62, 105], "excluded_lines": [], "functions": {"test_init": {"executed_lines": [17, 18, 19, 20, 21, 22, 25, 26, 27, 30, 31, 34, 35, 36, 37, 40, 41, 44], "summary": {"covered_lines": 18, "num_statements": 18, "percent_covered": 100.0, "percent_covered_display": "100", "missing_lines": 0, "excluded_lines": 0}, "missing_lines": [], "excluded_lines": []}, "mock_cookies": {"executed_lines": [], "summary": {"covered_lines": 0, "num_statements": 7, "percent_covered": 0.0, "percent_covered_display": "0", "missing_lines": 7, "excluded_lines": 0}, "missing_lines": [50, 51, 53, 54, 56, 57, 62], "excluded_lines": []}, "messages_data": {"executed_lines": [68], "summary": {"covered_lines": 1, "num_statements": 1, "percent_covered": 100.0, "percent_covered_display": "100", "missing_lines": 0, "excluded_lines": 0}, "missing_lines": [], "excluded_lines": []}, "message_content_data": {"executed_lines": [], "summary": {"covered_lines": 0, "num_statements": 1, "percent_covered": 0.0, "percent_covered_display": "0", "missing_lines": 1, "excluded_lines": 0}, "missing_lines": [105], "excluded_lines": []}, "test_login_success": {"executed_lines": [130, 133, 134, 137, 138, 139, 140, 143, 144, 147, 148, 149, 150, 151, 154, 155, 156, 157, 159, 160, 161, 164, 167, 168, 171, 172], "summary": {"covered_lines": 26, "num_statements": 26, "percent_covered": 100.0, "percent_covered_display": "100", "missing_lines": 0, "excluded_lines": 0}, "missing_lines": [], "excluded_lines": []}, "test_login_failure": {"executed_lines": [182, 185, 188, 189, 191, 192, 194, 195, 199, 202, 203, 206, 207, 210, 211], "summary": {"covered_lines": 15, "num_statements": 15, "percent_covered": 100.0, "percent_covered_display": "100", "missing_lines": 0, "excluded_lines": 0}, "missing_lines": [], "excluded_lines": []}, "test_get_messages": {"executed_lines": [223, 224, 225, 228, 231, 232, 233, 236, 240, 241, 244, 245, 248, 251, 256, 257, 258, 259, 260, 261, 262, 263], "summary": {"covered_lines": 22, "num_statements": 22, "percent_covered": 100.0, "percent_covered_display": "100", "missing_lines": 0, "excluded_lines": 0}, "missing_lines": [], "excluded_lines": []}, "": {"executed_lines": [1, 3, 4, 6, 7, 9, 10, 13, 14, 47, 48, 65, 66, 102, 103, 125, 126, 127, 179, 180, 214, 215, 216, 217], "summary": {"covered_lines": 23, "num_statements": 23, "percent_covered": 100.0, "percent_covered_display": "100", "missing_lines": 0, "excluded_lines": 0}, "missing_lines": [], "excluded_lines": []}}, "classes": {"": {"executed_lines": [1, 3, 4, 6, 7, 9, 10, 13, 14, 17, 18, 19, 20, 21, 22, 25, 26, 27, 30, 31, 34, 35, 36, 37, 40, 41, 44, 47, 48, 65, 66, 68, 102, 103, 125, 126, 127, 130, 133, 134, 137, 138, 139, 140, 143, 144, 147, 148, 149, 150, 151, 154, 155, 156, 157, 159, 160, 161, 164, 167, 168, 171, 172, 179, 180, 182, 185, 188, 189, 191, 192, 194, 195, 199, 202, 203, 206, 207, 210, 211, 214, 215, 216, 217, 223, 224, 225, 228, 231, 232, 233, 236, 240, 241, 244, 245, 248, 251, 256, 257, 258, 259, 260, 261, 262, 263], "summary": {"covered_lines": 105, "num_statements": 113, "percent_covered": 92.92035398230088, "percent_covered_display": "93", "missing_lines": 8, "excluded_lines": 0}, "missing_lines": [50, 51, 53, 54, 56, 57, 62, 105], "excluded_lines": []}}}, "wilma/tests/test_models.py": {"executed_lines": [1, 3, 5, 8, 10, 11, 13, 14, 17, 19, 35, 37, 38, 39, 40, 41, 42, 43, 44, 45, 46, 47, 48, 49, 50, 51, 54, 55, 56, 57, 58, 59, 60, 63, 65, 98, 100, 101, 102, 103, 104], "summary": {"covered_lines": 40, "num_statements": 40, "percent_covered": 100.0, "percent_covered_display": "100", "missing_lines": 0, "excluded_lines": 0}, "missing_lines": [], "excluded_lines": [], "functions": {"test_sender_model": {"executed_lines": [10, 11, 13, 14], "summary": {"covered_lines": 4, "num_statements": 4, "percent_covered": 100.0, "percent_covered_display": "100", "missing_lines": 0, "excluded_lines": 0}, "missing_lines": [], "excluded_lines": []}, "test_message_model": {"executed_lines": [19, 35, 37, 38, 39, 40, 41, 42, 43, 44, 45, 46, 47, 48, 49, 50, 51, 54, 55, 56, 57, 58, 59, 60], "summary": {"covered_lines": 24, "num_statements": 24, "percent_covered": 100.0, "percent_covered_display": "100", "missing_lines": 0, "excluded_lines": 0}, "missing_lines": [], "excluded_lines": []}, "test_messages_list_model": {"executed_lines": [65, 98, 100, 101, 102, 103, 104], "summary": {"covered_lines": 7, "num_statements": 7, "percent_covered": 100.0, "percent_covered_display": "100", "missing_lines": 0, "excluded_lines": 0}, "missing_lines": [], "excluded_lines": []}, "": {"executed_lines": [1, 3, 5, 8, 17, 63], "summary": {"covered_lines": 5, "num_statements": 5, "percent_covered": 100.0, "percent_covered_display": "100", "missing_lines": 0, "excluded_lines": 0}, "missing_lines": [], "excluded_lines": []}}, "classes": {"": {"executed_lines": [1, 3, 5, 8, 10, 11, 13, 14, 17, 19, 35, 37, 38, 39, 40, 41, 42, 43, 44, 45, 46, 47, 48, 49, 50, 51, 54, 55, 56, 57, 58, 59, 60, 63, 65, 98, 100, 101, 102, 103, 104], "summary": {"covered_lines": 40, "num_statements": 40, "percent_covered": 100.0, "percent_covered_display": "100", "missing_lines": 0, "excluded_lines": 0}, "missing_lines": [], "excluded_lines": []}}}, "wilma/utils/__init__.py": {"executed_lines": [1, 3, 6, 7, 8, 9, 10, 11, 14, 23], "summary": {"covered_lines": 9, "num_statements": 9, "percent_covered": 100.0, "percent_covered_display": "100", "missing_lines": 0, "excluded_lines": 0}, "missing_lines": [], "excluded_lines": [], "functions": {"html_to_markdown": {"executed_lines": [23], "summary": {"covered_lines": 1, "num_statements": 1, "percent_covered": 100.0, "percent_covered_display": "100", "missing_lines": 0, "excluded_lines": 0}, "missing_lines": [], "excluded_lines": []}, "": {"executed_lines": [1, 3, 6, 7, 8, 9, 10, 11, 14], "summary": {"covered_lines": 8, "num_statements": 8, "percent_covered": 100.0, "percent_covered_display": "100", "missing_lines": 0, "excluded_lines": 0}, "missing_lines": [], "excluded_lines": []}}, "classes": {"": {"executed_lines": [1, 3, 6, 7, 8, 9, 10, 11, 14, 23], "summary": {"covered_lines": 9, "num_statements": 9, "percent_covered": 100.0, "percent_covered_display": "100", "missing_lines": 0, "excluded_lines": 0}, "missing_lines": [], "excluded_lines": []}}}}, "totals": {"covered_lines": 306, "num_statements": 408, "percent_covered": 75.0, "percent_covered_display": "75", "missing_lines": 102, "excluded_lines": 0}}